-------------------------------------------------------------------------------
Test set: dao.AdminDAOTest
-------------------------------------------------------------------------------
Tests run: 3, Failures: 0, Errors: 3, Skipped: 0, Time elapsed: 2.036 s <<< FAILURE! -- in dao.AdminDAOTest
dao.AdminDAOTest.testVerifierIdentifiants_Fail_NoUser -- Time elapsed: 0.959 s <<< ERROR!
org.postgresql.util.PSQLException: FATAL: authentification par mot de passe �chou�e pour l'utilisateur  � postgres �
	at org.postgresql.core.v3.ConnectionFactoryImpl.doAuthentication(ConnectionFactoryImpl.java:693)
	at org.postgresql.core.v3.ConnectionFactoryImpl.tryConnect(ConnectionFactoryImpl.java:203)
	at org.postgresql.core.v3.ConnectionFactoryImpl.openConnectionImpl(ConnectionFactoryImpl.java:258)
	at org.postgresql.core.ConnectionFactory.openConnection(ConnectionFactory.java:54)
	at org.postgresql.jdbc.PgConnection.<init>(PgConnection.java:263)
	at org.postgresql.Driver.makeConnection(Driver.java:443)
	at org.postgresql.Driver.connect(Driver.java:297)
	at java.sql/java.sql.DriverManager.getConnection(DriverManager.java:681)
	at java.sql/java.sql.DriverManager.getConnection(DriverManager.java:229)
	at dao.DBConnection.getConnection(DBConnection.java:34)
	at dao.AdminDAOTest.setUp(AdminDAOTest.java:37)
	at java.base/java.lang.reflect.Method.invoke(Method.java:569)
	at java.base/java.util.ArrayList.forEach(ArrayList.java:1511)
	at java.base/java.util.ArrayList.forEach(ArrayList.java:1511)
	Suppressed: org.postgresql.util.PSQLException: FATAL: authentification par mot de passe �chou�e pour l'utilisateur  � postgres �
		at org.postgresql.core.v3.ConnectionFactoryImpl.doAuthentication(ConnectionFactoryImpl.java:693)
		at org.postgresql.core.v3.ConnectionFactoryImpl.tryConnect(ConnectionFactoryImpl.java:203)
		at org.postgresql.core.v3.ConnectionFactoryImpl.openConnectionImpl(ConnectionFactoryImpl.java:258)
		at org.postgresql.core.ConnectionFactory.openConnection(ConnectionFactory.java:54)
		at org.postgresql.jdbc.PgConnection.<init>(PgConnection.java:263)
		at org.postgresql.Driver.makeConnection(Driver.java:443)
		at org.postgresql.Driver.connect(Driver.java:297)
		at java.sql/java.sql.DriverManager.getConnection(DriverManager.java:681)
		at java.sql/java.sql.DriverManager.getConnection(DriverManager.java:229)
		at dao.DBConnection.getConnection(DBConnection.java:34)
		at dao.AdminDAOTest.tearDown(AdminDAOTest.java:49)
		... 3 more

dao.AdminDAOTest.testVerifierIdentifiants_Success -- Time elapsed: 0.509 s <<< ERROR!
org.postgresql.util.PSQLException: FATAL: authentification par mot de passe �chou�e pour l'utilisateur  � postgres �
	at org.postgresql.core.v3.ConnectionFactoryImpl.doAuthentication(ConnectionFactoryImpl.java:693)
	at org.postgresql.core.v3.ConnectionFactoryImpl.tryConnect(ConnectionFactoryImpl.java:203)
	at org.postgresql.core.v3.ConnectionFactoryImpl.openConnectionImpl(ConnectionFactoryImpl.java:258)
	at org.postgresql.core.ConnectionFactory.openConnection(ConnectionFactory.java:54)
	at org.postgresql.jdbc.PgConnection.<init>(PgConnection.java:263)
	at org.postgresql.Driver.makeConnection(Driver.java:443)
	at org.postgresql.Driver.connect(Driver.java:297)
	at java.sql/java.sql.DriverManager.getConnection(DriverManager.java:681)
	at java.sql/java.sql.DriverManager.getConnection(DriverManager.java:229)
	at dao.DBConnection.getConnection(DBConnection.java:34)
	at dao.AdminDAOTest.setUp(AdminDAOTest.java:37)
	at java.base/java.lang.reflect.Method.invoke(Method.java:569)
	at java.base/java.util.ArrayList.forEach(ArrayList.java:1511)
	at java.base/java.util.ArrayList.forEach(ArrayList.java:1511)
	Suppressed: org.postgresql.util.PSQLException: FATAL: authentification par mot de passe �chou�e pour l'utilisateur  � postgres �
		at org.postgresql.core.v3.ConnectionFactoryImpl.doAuthentication(ConnectionFactoryImpl.java:693)
		at org.postgresql.core.v3.ConnectionFactoryImpl.tryConnect(ConnectionFactoryImpl.java:203)
		at org.postgresql.core.v3.ConnectionFactoryImpl.openConnectionImpl(ConnectionFactoryImpl.java:258)
		at org.postgresql.core.ConnectionFactory.openConnection(ConnectionFactory.java:54)
		at org.postgresql.jdbc.PgConnection.<init>(PgConnection.java:263)
		at org.postgresql.Driver.makeConnection(Driver.java:443)
		at org.postgresql.Driver.connect(Driver.java:297)
		at java.sql/java.sql.DriverManager.getConnection(DriverManager.java:681)
		at java.sql/java.sql.DriverManager.getConnection(DriverManager.java:229)
		at dao.DBConnection.getConnection(DBConnection.java:34)
		at dao.AdminDAOTest.tearDown(AdminDAOTest.java:49)
		... 3 more

dao.AdminDAOTest.testVerifierIdentifiants_Fail_WrongPassword -- Time elapsed: 0.503 s <<< ERROR!
org.postgresql.util.PSQLException: FATAL: authentification par mot de passe �chou�e pour l'utilisateur  � postgres �
	at org.postgresql.core.v3.ConnectionFactoryImpl.doAuthentication(ConnectionFactoryImpl.java:693)
	at org.postgresql.core.v3.ConnectionFactoryImpl.tryConnect(ConnectionFactoryImpl.java:203)
	at org.postgresql.core.v3.ConnectionFactoryImpl.openConnectionImpl(ConnectionFactoryImpl.java:258)
	at org.postgresql.core.ConnectionFactory.openConnection(ConnectionFactory.java:54)
	at org.postgresql.jdbc.PgConnection.<init>(PgConnection.java:263)
	at org.postgresql.Driver.makeConnection(Driver.java:443)
	at org.postgresql.Driver.connect(Driver.java:297)
	at java.sql/java.sql.DriverManager.getConnection(DriverManager.java:681)
	at java.sql/java.sql.DriverManager.getConnection(DriverManager.java:229)
	at dao.DBConnection.getConnection(DBConnection.java:34)
	at dao.AdminDAOTest.setUp(AdminDAOTest.java:37)
	at java.base/java.lang.reflect.Method.invoke(Method.java:569)
	at java.base/java.util.ArrayList.forEach(ArrayList.java:1511)
	at java.base/java.util.ArrayList.forEach(ArrayList.java:1511)
	Suppressed: org.postgresql.util.PSQLException: FATAL: authentification par mot de passe �chou�e pour l'utilisateur  � postgres �
		at org.postgresql.core.v3.ConnectionFactoryImpl.doAuthentication(ConnectionFactoryImpl.java:693)
		at org.postgresql.core.v3.ConnectionFactoryImpl.tryConnect(ConnectionFactoryImpl.java:203)
		at org.postgresql.core.v3.ConnectionFactoryImpl.openConnectionImpl(ConnectionFactoryImpl.java:258)
		at org.postgresql.core.ConnectionFactory.openConnection(ConnectionFactory.java:54)
		at org.postgresql.jdbc.PgConnection.<init>(PgConnection.java:263)
		at org.postgresql.Driver.makeConnection(Driver.java:443)
		at org.postgresql.Driver.connect(Driver.java:297)
		at java.sql/java.sql.DriverManager.getConnection(DriverManager.java:681)
		at java.sql/java.sql.DriverManager.getConnection(DriverManager.java:229)
		at dao.DBConnection.getConnection(DBConnection.java:34)
		at dao.AdminDAOTest.tearDown(AdminDAOTest.java:49)
		... 3 more

