<?xml version="1.0" encoding="UTF-8"?>
<testsuite xmlns:xsi="http://www.w3.org/2001/XMLSchema-instance" xsi:noNamespaceSchemaLocation="https://maven.apache.org/surefire/maven-surefire-plugin/xsd/surefire-test-report-3.0.xsd" version="3.0" name="dao.EtudiantDAOTest" time="0.361" tests="2" errors="2" skipped="0" failures="0">
  <properties>
[...]
</properties>
  <testcase name="testInsertAndFindEtudiant" classname="dao.EtudiantDAOTest" time="0.249">
    <error message="Erreur lors de l&apos;enregistrement de l&apos;étudiant." type="java.lang.RuntimeException"><![CDATA[java.lang.RuntimeException: Erreur lors de l'enregistrement de l'étudiant.
	at dao.EtudiantDAO.saveOrUpdateEtudiant(EtudiantDAO.java:85)
	at dao.EtudiantDAOTest.testInsertAndFindEtudiant(EtudiantDAOTest.java:51)
	at java.base/java.lang.reflect.Method.invoke(Method.java:569)
	at java.base/java.util.ArrayList.forEach(ArrayList.java:1511)
	at java.base/java.util.ArrayList.forEach(ArrayList.java:1511)
	Suppressed: org.postgresql.util.PSQLException: FATAL: authentification par mot de passe �chou�e pour l'utilisateur  � postgres �
		at org.postgresql.core.v3.ConnectionFactoryImpl.doAuthentication(ConnectionFactoryImpl.java:693)
		at org.postgresql.core.v3.ConnectionFactoryImpl.tryConnect(ConnectionFactoryImpl.java:203)
		at org.postgresql.core.v3.ConnectionFactoryImpl.openConnectionImpl(ConnectionFactoryImpl.java:258)
		at org.postgresql.core.ConnectionFactory.openConnection(ConnectionFactory.java:54)
		at org.postgresql.jdbc.PgConnection.<init>(PgConnection.java:263)
		at org.postgresql.Driver.makeConnection(Driver.java:443)
		at org.postgresql.Driver.connect(Driver.java:297)
		at java.sql/java.sql.DriverManager.getConnection(DriverManager.java:681)
		at java.sql/java.sql.DriverManager.getConnection(DriverManager.java:229)
		at dao.DBConnection.getConnection(DBConnection.java:34)
		at dao.EtudiantDAOTest.tearDown(EtudiantDAOTest.java:33)
		... 3 more
Caused by: org.postgresql.util.PSQLException: FATAL: authentification par mot de passe �chou�e pour l'utilisateur  � postgres �
	at org.postgresql.core.v3.ConnectionFactoryImpl.doAuthentication(ConnectionFactoryImpl.java:693)
	at org.postgresql.core.v3.ConnectionFactoryImpl.tryConnect(ConnectionFactoryImpl.java:203)
	at org.postgresql.core.v3.ConnectionFactoryImpl.openConnectionImpl(ConnectionFactoryImpl.java:258)
	at org.postgresql.core.ConnectionFactory.openConnection(ConnectionFactory.java:54)
	at org.postgresql.jdbc.PgConnection.<init>(PgConnection.java:263)
	at org.postgresql.Driver.makeConnection(Driver.java:443)
	at org.postgresql.Driver.connect(Driver.java:297)
	at java.sql/java.sql.DriverManager.getConnection(DriverManager.java:681)
	at java.sql/java.sql.DriverManager.getConnection(DriverManager.java:229)
	at dao.DBConnection.getConnection(DBConnection.java:34)
	at dao.EtudiantDAO.saveOrUpdateEtudiant(EtudiantDAO.java:76)
	... 4 more
]]></error>
  </testcase>
  <testcase name="testUpdateEtudiant" classname="dao.EtudiantDAOTest" time="0.108">
    <error message="Erreur lors de l&apos;enregistrement de l&apos;étudiant." type="java.lang.RuntimeException"><![CDATA[java.lang.RuntimeException: Erreur lors de l'enregistrement de l'étudiant.
	at dao.EtudiantDAO.saveOrUpdateEtudiant(EtudiantDAO.java:85)
	at dao.EtudiantDAOTest.testUpdateEtudiant(EtudiantDAOTest.java:74)
	at java.base/java.lang.reflect.Method.invoke(Method.java:569)
	at java.base/java.util.ArrayList.forEach(ArrayList.java:1511)
	at java.base/java.util.ArrayList.forEach(ArrayList.java:1511)
	Suppressed: org.postgresql.util.PSQLException: FATAL: authentification par mot de passe �chou�e pour l'utilisateur  � postgres �
		at org.postgresql.core.v3.ConnectionFactoryImpl.doAuthentication(ConnectionFactoryImpl.java:693)
		at org.postgresql.core.v3.ConnectionFactoryImpl.tryConnect(ConnectionFactoryImpl.java:203)
		at org.postgresql.core.v3.ConnectionFactoryImpl.openConnectionImpl(ConnectionFactoryImpl.java:258)
		at org.postgresql.core.ConnectionFactory.openConnection(ConnectionFactory.java:54)
		at org.postgresql.jdbc.PgConnection.<init>(PgConnection.java:263)
		at org.postgresql.Driver.makeConnection(Driver.java:443)
		at org.postgresql.Driver.connect(Driver.java:297)
		at java.sql/java.sql.DriverManager.getConnection(DriverManager.java:681)
		at java.sql/java.sql.DriverManager.getConnection(DriverManager.java:229)
		at dao.DBConnection.getConnection(DBConnection.java:34)
		at dao.EtudiantDAOTest.tearDown(EtudiantDAOTest.java:33)
		... 3 more
Caused by: org.postgresql.util.PSQLException: FATAL: authentification par mot de passe �chou�e pour l'utilisateur  � postgres �
	at org.postgresql.core.v3.ConnectionFactoryImpl.doAuthentication(ConnectionFactoryImpl.java:693)
	at org.postgresql.core.v3.ConnectionFactoryImpl.tryConnect(ConnectionFactoryImpl.java:203)
	at org.postgresql.core.v3.ConnectionFactoryImpl.openConnectionImpl(ConnectionFactoryImpl.java:258)
	at org.postgresql.core.ConnectionFactory.openConnection(ConnectionFactory.java:54)
	at org.postgresql.jdbc.PgConnection.<init>(PgConnection.java:263)
	at org.postgresql.Driver.makeConnection(Driver.java:443)
	at org.postgresql.Driver.connect(Driver.java:297)
	at java.sql/java.sql.DriverManager.getConnection(DriverManager.java:681)
	at java.sql/java.sql.DriverManager.getConnection(DriverManager.java:229)
	at dao.DBConnection.getConnection(DBConnection.java:34)
	at dao.EtudiantDAO.saveOrUpdateEtudiant(EtudiantDAO.java:76)
	... 4 more
]]></error>
  </testcase>
</testsuite>